Changed database context to 'master'.
Database ResumeScoring created successfully
Changed database context to 'ResumeScoring'.
Table Resumes created
Table Jobs created
Table ResumeScores created
Table Skills created
Table WorkExperience created
Table Education created
Indexes created

(1 rows affected)
Sample data inserted
TableName                                                                                                                        ColumnName                                                                                                                       DataType                                                                                                                         MaxLength IsNullable IsIdentity
-------------------------------------------------------------------------------------------------------------------------------- -------------------------------------------------------------------------------------------------------------------------------- -------------------------------------------------------------------------------------------------------------------------------- --------- ---------- ----------
Education                                                                                                                        EducationId                                                                                                                      int                                                                                                                                      4          0          1
Education                                                                                                                        ResumeId                                                                                                                         int                                                                                                                                      4          0          0
Education                                                                                                                        InstitutionName                                                                                                                  nvarchar                                                                                                                               400          1          0
Education                                                                                                                        Degree                                                                                                                           nvarchar                                                                                                                               400          1          0
Education                                                                                                                        FieldOfStudy                                                                                                                     nvarchar                                                                                                                               400          1          0
Education                                                                                                                        StartDate                                                                                                                        date                                                                                                                                     3          1          0
Education                                                                                                                        EndDate                                                                                                                          date                                                                                                                                     3          1          0
Education                                                                                                                        GPA                                                                                                                              decimal                                                                                                                                  5          1          0
Jobs                                                                                                                             JobId                                                                                                                            int                                                                                                                                      4          0          1
Jobs                                                                                                                             Title                                                                                                                            nvarchar                                                                                                                               400          0          0
Jobs                                                                                                                             Description                                                                                                                      nvarchar                                                                                                                                -1          0          0
Jobs                                                                                                                             RequiredSkills                                                                                                                   nvarchar                                                                                                                                -1          1          0
Jobs                                                                                                                             WeightConfig                                                                                                                     nvarchar                                                                                                                                -1          1          0
Jobs                                                                                                                             CreatedAt                                                                                                                        datetime2                                                                                                                                8          0          0
Jobs                                                                                                                             UpdatedAt                                                                                                                        datetime2                                                                                                                                8          1          0
Resumes                                                                                                                          ResumeId                                                                                                                         int                                                                                                                                      4          0          1
Resumes                                                                                                                          CandidateName                                                                                                                    nvarchar                                                                                                                               400          1          0
Resumes                                                                                                                          Email                                                                                                                            nvarchar                                                                                                                               400          1          0
Resumes                                                                                                                          Phone                                                                                                                            nvarchar                                                                                                                               100          1          0
Resumes                                                                                                                          FileName                                                                                                                         nvarchar                                                                                                                              1000          0          0
Resumes                                                                                                                          FileType                                                                                                                         nvarchar                                                                                                                               100          1          0
Resumes                                                                                                                          FileHash                                                                                                                         nvarchar                                                                                                                               128          1          0
Resumes                                                                                                                          RawText                                                                                                                          nvarchar                                                                                                                                -1          1          0
Resumes                                                                                                                          UploadedAt                                                                                                                       datetime2                                                                                                                                8          0          0
Resumes                                                                                                                          ProcessedAt                                                                                                                      datetime2                                                                                                                                8          1          0
ResumeScores                                                                                                                     ScoreId                                                                                                                          int                                                                                                                                      4          0          1
ResumeScores                                                                                                                     ResumeId                                                                                                                         int                                                                                                                                      4          0          0
ResumeScores                                                                                                                     JobId                                                                                                                            int                                                                                                                                      4          0          0
ResumeScores                                                                                                                     TotalScore                                                                                                                       decimal                                                                                                                                  5          0          0
ResumeScores                                                                                                                     SkillScore                                                                                                                       decimal                                                                                                                                  5          1          0
ResumeScores                                                                                                                     ExperienceScore                                                                                                                  decimal                                                                                                                                  5          1          0
ResumeScores                                                                                                                     EducationScore                                                                                                                   decimal                                                                                                                                  5          1          0
ResumeScores                                                                                                                     KeywordScore                                                                                                                     decimal                                                                                                                                  5          1          0
ResumeScores                                                                                                                     DetailedScores                                                                                                                   nvarchar                                                                                                                                -1          1          0
ResumeScores                                                                                                                     ScoredAt                                                                                                                         datetime2                                                                                                                                8          0          0
Skills                                                                                                                           SkillId                                                                                                                          int                                                                                                                                      4          0          1
Skills                                                                                                                           ResumeId                                                                                                                         int                                                                                                                                      4          0          0
Skills                                                                                                                           SkillName                                                                                                                        nvarchar                                                                                                                               400          0          0
Skills                                                                                                                           SkillCategory                                                                                                                    nvarchar                                                                                                                               200          1          0
Skills                                                                                                                           YearsOfExperience                                                                                                                decimal                                                                                                                                  5          1          0
Skills                                                                                                                           ProficiencyLevel                                                                                                                 nvarchar                                                                                                                               100          1          0
WorkExperience                                                                                                                   ExperienceId                                                                                                                     int                                                                                                                                      4          0          1
WorkExperience                                                                                                                   ResumeId                                                                                                                         int                                                                                                                                      4          0          0
WorkExperience                                                                                                                   CompanyName                                                                                                                      nvarchar                                                                                                                               400          1          0
WorkExperience                                                                                                                   JobTitle                                                                                                                         nvarchar                                                                                                                               400          1          0
WorkExperience                                                                                                                   StartDate                                                                                                                        date                                                                                                                                     3          1          0
WorkExperience                                                                                                                   EndDate                                                                                                                          date                                                                                                                                     3          1          0
WorkExperience                                                                                                                   IsCurrent                                                                                                                        bit                                                                                                                                      1          0          0
WorkExperience                                                                                                                   Description                                                                                                                      nvarchar                                                                                                                                -1          1          0
WorkExperience                                                                                                                   DurationMonths                                                                                                                   int                                                                                                                                      4          1          0

(50 rows affected)
 
========================================
Database Setup Complete!
========================================
 
Tables created:
  - Resumes
  - Jobs
  - ResumeScores
  - Skills
  - WorkExperience
  - Education
 
Database: ResumeScoring
Status: Ready for use
 
Next steps:
1. Update appsettings.json with connection string
2. Run: dotnet ef dbcontext scaffold (if using code-first)
   OR skip migrations if using this database-first approach
 
