2025-11-08 04:47:11.534 | INFO     | __main__:load_models:38 - Loading spaCy model...
2025-11-08 04:47:11.563 | ERROR    | __main__:load_models:51 - Error loading models: [E050] Can't find model 'en_core_web_sm'. It doesn't seem to be a Python package or a valid path to a data directory.
2025-11-08 10:49:51.212 | INFO     | __main__:load_models:38 - Loading spaCy model...
2025-11-08 10:49:55.857 | INFO     | __main__:load_models:42 - Loading transformer NER model...
2025-11-08 11:02:20.244 | INFO     | __main__:load_models:38 - Loading spaCy model...
2025-11-08 11:02:20.471 | ERROR    | __main__:load_models:51 - Error loading models: [E048] Can't import language en or any matching language from spacy.lang: No module named 'spacy.lang.en.lemmatizer'
2025-11-08 11:43:52.834 | INFO     | __main__:load_models:38 - Loading spaCy model...
2025-11-08 11:43:54.064 | INFO     | __main__:load_models:42 - Loading transformer NER model...
2025-11-08 11:44:05.119 | INFO     | __main__:load_models:48 - Models loaded successfully
2025-11-08 11:44:05.147 | INFO     | __main__:<module>:723 - Starting NLP Service on port 5002
2025-11-08 12:19:39.991 | INFO     | __main__:load_models:38 - Loading spaCy model...
2025-11-08 12:19:43.082 | INFO     | __main__:load_models:42 - Loading transformer NER model...
2025-11-08 12:20:05.068 | INFO     | __main__:load_models:48 - Models loaded successfully
2025-11-08 12:20:05.224 | INFO     | __main__:<module>:723 - Starting NLP Service on port 5002
2025-11-08 13:22:09.661 | INFO     | __main__:load_models:38 - Loading spaCy model...
2025-11-08 13:22:20.027 | INFO     | __main__:load_models:42 - Loading transformer NER model...
2025-11-08 13:44:53.083 | INFO     | __main__:load_models:38 - Loading spaCy model...
2025-11-08 13:45:04.445 | INFO     | __main__:load_models:42 - Loading transformer NER model...
2025-11-08 13:45:10.951 | ERROR    | __main__:load_models:51 - Error loading models: The paging file is too small for this operation to complete. (os error 1455)
2025-11-08 15:42:14.268 | INFO     | __main__:load_models:38 - Loading spaCy model...
2025-11-08 15:42:15.729 | INFO     | __main__:load_models:42 - Loading transformer NER model...
2025-11-08 15:42:32.436 | INFO     | __main__:load_models:48 - Models loaded successfully
2025-11-08 15:42:32.470 | INFO     | __main__:<module>:723 - Starting NLP Service on port 5002
2025-11-08 15:59:29.387 | INFO     | __main__:load_models:38 - Loading spaCy model...
2025-11-08 15:59:30.210 | INFO     | __main__:load_models:42 - Loading transformer NER model...
2025-11-08 15:59:36.543 | INFO     | __main__:load_models:48 - Models loaded successfully
2025-11-08 15:59:36.568 | INFO     | __main__:<module>:723 - Starting NLP Service on port 5002
2025-11-08 16:15:56.926 | INFO     | __main__:load_models:38 - Loading spaCy model...
2025-11-08 16:15:59.859 | INFO     | __main__:load_models:42 - Loading transformer NER model...
2025-11-08 16:16:07.842 | INFO     | __main__:load_models:48 - Models loaded successfully
2025-11-08 16:16:07.861 | INFO     | __main__:<module>:723 - Starting NLP Service on port 5002
2025-11-08 18:49:09.781 | INFO     | __main__:load_models:38 - Loading spaCy model...
2025-11-08 18:49:11.010 | INFO     | __main__:load_models:42 - Loading transformer NER model...
2025-11-08 18:49:19.631 | INFO     | __main__:load_models:48 - Models loaded successfully
2025-11-08 18:49:19.647 | INFO     | __main__:<module>:723 - Starting NLP Service on port 5002
2025-11-08 20:19:44.221 | INFO     | __main__:load_models:38 - Loading spaCy model...
2025-11-08 20:19:47.250 | INFO     | __main__:load_models:42 - Loading transformer NER model...
2025-11-08 20:20:00.867 | INFO     | __main__:load_models:48 - Models loaded successfully
2025-11-08 20:20:00.903 | INFO     | __main__:<module>:723 - Starting NLP Service on port 5002
2025-11-08 22:26:01.272 | INFO     | __main__:load_models:38 - Loading spaCy model...
2025-11-08 22:26:02.703 | INFO     | __main__:load_models:42 - Loading transformer NER model...
2025-11-08 22:26:14.009 | INFO     | __main__:load_models:48 - Models loaded successfully
2025-11-08 22:26:14.124 | INFO     | __main__:<module>:723 - Starting NLP Service on port 5002
2025-11-08 22:58:08.287 | INFO     | __main__:load_models:38 - Loading spaCy model...
2025-11-08 22:58:09.880 | INFO     | __main__:load_models:42 - Loading transformer NER model...
2025-11-08 22:58:19.902 | INFO     | __main__:load_models:48 - Models loaded successfully
2025-11-08 22:58:19.927 | INFO     | __main__:<module>:723 - Starting NLP Service on port 5002
2025-11-09 01:35:19.632 | INFO     | __main__:load_models:38 - Loading spaCy model...
2025-11-09 01:35:25.897 | INFO     | __main__:load_models:42 - Loading transformer NER model...
2025-11-09 01:35:40.322 | INFO     | __main__:load_models:48 - Models loaded successfully
2025-11-09 01:35:40.430 | INFO     | __main__:<module>:723 - Starting NLP Service on port 5002
2025-11-09 03:15:34.725 | INFO     | __main__:load_models:38 - Loading spaCy model...
2025-11-09 03:15:35.959 | INFO     | __main__:load_models:42 - Loading transformer NER model...
2025-11-09 03:15:46.927 | INFO     | __main__:load_models:48 - Models loaded successfully
2025-11-09 03:15:46.969 | INFO     | __main__:<module>:723 - Starting NLP Service on port 5002
2025-11-09 03:58:17.561 | INFO     | __main__:load_models:38 - Loading spaCy model...
2025-11-09 03:58:21.774 | INFO     | __main__:load_models:42 - Loading transformer NER model...
2025-11-09 03:58:31.475 | INFO     | __main__:load_models:48 - Models loaded successfully
2025-11-09 03:58:31.554 | INFO     | __main__:<module>:723 - Starting NLP Service on port 5002
2025-11-09 04:16:49.198 | INFO     | __main__:load_models:38 - Loading spaCy model...
2025-11-09 04:16:57.525 | INFO     | __main__:load_models:42 - Loading transformer NER model...
2025-11-09 04:17:32.102 | INFO     | __main__:load_models:48 - Models loaded successfully
2025-11-09 04:17:32.351 | INFO     | __main__:<module>:723 - Starting NLP Service on port 5002
2025-11-09 10:19:19.791 | INFO     | __main__:load_models:38 - Loading spaCy model...
2025-11-09 10:19:25.851 | INFO     | __main__:load_models:42 - Loading transformer NER model...
2025-11-09 10:19:48.885 | INFO     | __main__:load_models:48 - Models loaded successfully
2025-11-09 10:19:49.032 | INFO     | __main__:<module>:723 - Starting NLP Service on port 5002
2025-11-09 10:41:05.832 | INFO     | __main__:load_models:38 - Loading spaCy model...
2025-11-09 10:41:07.973 | INFO     | __main__:load_models:42 - Loading transformer NER model...
2025-11-09 10:41:22.962 | INFO     | __main__:load_models:48 - Models loaded successfully
2025-11-09 10:41:23.062 | INFO     | __main__:<module>:723 - Starting NLP Service on port 5002
2025-11-09 11:31:08.358 | INFO     | __main__:load_models:38 - Loading spaCy model...
2025-11-09 11:31:09.743 | INFO     | __main__:load_models:42 - Loading transformer NER model...
2025-11-09 11:31:19.942 | INFO     | __main__:load_models:48 - Models loaded successfully
2025-11-09 11:31:20.026 | INFO     | __main__:<module>:723 - Starting NLP Service on port 5002
2025-11-09 11:51:15.492 | INFO     | __main__:load_models:38 - Loading spaCy model...
2025-11-09 11:51:17.011 | INFO     | __main__:load_models:42 - Loading transformer NER model...
2025-11-09 11:51:26.013 | INFO     | __main__:load_models:48 - Models loaded successfully
2025-11-09 11:51:26.036 | INFO     | __main__:<module>:723 - Starting NLP Service on port 5002
2025-11-09 12:13:17.239 | INFO     | __main__:load_models:38 - Loading spaCy model...
2025-11-09 12:13:20.126 | INFO     | __main__:load_models:42 - Loading transformer NER model...
2025-11-09 12:13:29.934 | INFO     | __main__:load_models:48 - Models loaded successfully
2025-11-09 12:13:29.955 | INFO     | __main__:<module>:723 - Starting NLP Service on port 5002
2025-11-09 13:22:35.511 | INFO     | __main__:load_models:38 - Loading spaCy model...
2025-11-09 13:22:42.308 | INFO     | __main__:load_models:42 - Loading transformer NER model...
2025-11-09 13:22:57.170 | INFO     | __main__:load_models:48 - Models loaded successfully
2025-11-09 13:22:57.260 | INFO     | __main__:<module>:723 - Starting NLP Service on port 5002
2025-11-09 13:25:49.944 | INFO     | __main__:extract:82 - Extracting information from 5700 characters
2025-11-09 13:25:50.985 | INFO     | __main__:extract_entities:700 - Extraction complete: Found 0 experiences, 14 skills
2025-11-09 13:27:11.044 | INFO     | __main__:extract:82 - Extracting information from 5398 characters
2025-11-09 13:27:12.350 | INFO     | __main__:extract_entities:700 - Extraction complete: Found 3 experiences, 9 skills
2025-11-09 14:12:33.966 | INFO     | __main__:extract:82 - Extracting information from 5971 characters
2025-11-09 14:13:01.775 | INFO     | __main__:extract_entities:700 - Extraction complete: Found 3 experiences, 11 skills
2025-11-09 14:51:47.521 | INFO     | __main__:load_models:38 - Loading spaCy model...
2025-11-09 14:51:52.547 | INFO     | __main__:load_models:42 - Loading transformer NER model...
2025-11-09 14:52:14.331 | INFO     | __main__:load_models:48 - Models loaded successfully
2025-11-09 14:52:14.425 | INFO     | __main__:<module>:723 - Starting NLP Service on port 5002
2025-11-09 15:27:51.511 | INFO     | __main__:load_models:38 - Loading spaCy model...
2025-11-09 15:27:54.128 | INFO     | __main__:load_models:42 - Loading transformer NER model...
2025-11-09 15:28:03.342 | INFO     | __main__:load_models:48 - Models loaded successfully
2025-11-09 15:28:03.401 | INFO     | __main__:<module>:723 - Starting NLP Service on port 5002
2025-11-09 15:55:03.975 | INFO     | __main__:load_models:38 - Loading spaCy model...
2025-11-09 15:55:05.949 | INFO     | __main__:load_models:42 - Loading transformer NER model...
2025-11-09 15:55:11.831 | INFO     | __main__:load_models:48 - Models loaded successfully
2025-11-09 15:55:11.856 | INFO     | __main__:<module>:723 - Starting NLP Service on port 5002
2025-11-09 16:18:50.462 | INFO     | __main__:load_models:38 - Loading spaCy model...
2025-11-09 16:18:52.085 | INFO     | __main__:load_models:42 - Loading transformer NER model...
2025-11-09 16:19:05.112 | INFO     | __main__:load_models:48 - Models loaded successfully
2025-11-09 16:19:05.185 | INFO     | __main__:<module>:723 - Starting NLP Service on port 5002
2025-11-09 16:59:28.458 | INFO     | __main__:load_models:38 - Loading spaCy model...
2025-11-09 16:59:29.938 | INFO     | __main__:load_models:42 - Loading transformer NER model...
2025-11-09 16:59:48.722 | INFO     | __main__:load_models:48 - Models loaded successfully
2025-11-09 16:59:48.754 | INFO     | __main__:<module>:723 - Starting NLP Service on port 5002
2025-11-09 17:01:25.877 | INFO     | __main__:load_models:38 - Loading spaCy model...
2025-11-09 17:01:27.941 | INFO     | __main__:load_models:42 - Loading transformer NER model...
2025-11-09 17:01:37.400 | INFO     | __main__:load_models:48 - Models loaded successfully
2025-11-09 17:01:37.459 | INFO     | __main__:<module>:723 - Starting NLP Service on port 5002
2025-11-09 17:03:52.036 | INFO     | __main__:extract:82 - Extracting information from 5530 characters
2025-11-09 17:03:53.271 | INFO     | __main__:extract_entities:700 - Extraction complete: Found 0 experiences, 14 skills
2025-11-09 17:09:27.809 | INFO     | __main__:extract:82 - Extracting information from 5971 characters
2025-11-09 17:09:28.279 | INFO     | __main__:extract_entities:700 - Extraction complete: Found 0 experiences, 14 skills
2025-11-09 17:10:21.660 | INFO     | __main__:extract:82 - Extracting information from 5971 characters
2025-11-09 17:10:21.919 | INFO     | __main__:extract_entities:700 - Extraction complete: Found 0 experiences, 14 skills
