2025-11-08 11:55:51.504 | INFO     | __main__:<module>:495 - Starting Parsing Service on port 5001
2025-11-08 12:18:08.999 | INFO     | __main__:<module>:495 - Starting Parsing Service on port 5001
2025-11-08 13:20:55.078 | INFO     | __main__:<module>:495 - Starting Parsing Service on port 5001
2025-11-08 13:25:16.406 | INFO     | __main__:parse_resume:366 - File saved: ./uploads\20251108_075516_Riyanshi_Bariya_CV.pdf
2025-11-08 13:25:16.631 | INFO     | __main__:parse_document:61 - Parsing document: ./uploads\20251108_075516_Riyanshi_Bariya_CV.pdf (format: pdf)
2025-11-08 13:25:16.878 | INFO     | __main__:_parse_pdf:131 - Successfully parsed PDF: 5971 characters
2025-11-08 13:25:17.081 | INFO     | __main__:parse_resume:406 - Successfully parsed document: Riyanshi_Bariya_CV.pdf (hash: 9339fec00ff7)
2025-11-08 13:38:14.335 | INFO     | __main__:parse_resume:366 - File saved: ./uploads\20251108_080814_Riyanshi_Bariya_CV.pdf
2025-11-08 13:38:14.522 | INFO     | __main__:parse_document:61 - Parsing document: ./uploads\20251108_080814_Riyanshi_Bariya_CV.pdf (format: pdf)
2025-11-08 13:38:14.775 | INFO     | __main__:_parse_pdf:131 - Successfully parsed PDF: 5971 characters
2025-11-08 13:38:14.818 | INFO     | __main__:parse_resume:406 - Successfully parsed document: Riyanshi_Bariya_CV.pdf (hash: 9339fec00ff7)
2025-11-08 13:41:29.088 | INFO     | __main__:<module>:495 - Starting Parsing Service on port 5001
2025-11-08 13:51:06.169 | INFO     | __main__:<module>:495 - Starting Parsing Service on port 5001
2025-11-08 15:41:25.651 | INFO     | __main__:<module>:495 - Starting Parsing Service on port 5001
2025-11-08 15:59:16.086 | INFO     | __main__:<module>:495 - Starting Parsing Service on port 5001
2025-11-08 16:15:32.201 | INFO     | __main__:<module>:495 - Starting Parsing Service on port 5001
2025-11-08 18:48:55.273 | INFO     | __main__:<module>:495 - Starting Parsing Service on port 5001
2025-11-08 18:55:07.372 | INFO     | __main__:parse_resume:366 - File saved: ./uploads\20251108_132507_Riyanshi_Bariya_CV.pdf
2025-11-08 18:55:07.513 | INFO     | __main__:parse_document:61 - Parsing document: ./uploads\20251108_132507_Riyanshi_Bariya_CV.pdf (format: pdf)
2025-11-08 18:55:07.655 | INFO     | __main__:_parse_pdf:131 - Successfully parsed PDF: 5971 characters
2025-11-08 18:55:07.709 | INFO     | __main__:parse_resume:406 - Successfully parsed document: Riyanshi_Bariya_CV.pdf (hash: 9339fec00ff7)
2025-11-08 19:09:15.465 | INFO     | __main__:parse_resume:366 - File saved: ./uploads\20251108_133915_Riyanshi_Bariya_CV.pdf
2025-11-08 19:09:15.578 | INFO     | __main__:parse_document:61 - Parsing document: ./uploads\20251108_133915_Riyanshi_Bariya_CV.pdf (format: pdf)
2025-11-08 19:09:15.762 | INFO     | __main__:_parse_pdf:131 - Successfully parsed PDF: 5971 characters
2025-11-08 19:09:15.914 | INFO     | __main__:parse_resume:406 - Successfully parsed document: Riyanshi_Bariya_CV.pdf (hash: 9339fec00ff7)
2025-11-08 19:21:22.194 | INFO     | __main__:parse_resume:366 - File saved: ./uploads\20251108_135121_Riyanshi_Bariya_CV.pdf
2025-11-08 19:21:23.314 | INFO     | __main__:parse_document:61 - Parsing document: ./uploads\20251108_135121_Riyanshi_Bariya_CV.pdf (format: pdf)
2025-11-08 19:21:23.469 | INFO     | __main__:_parse_pdf:131 - Successfully parsed PDF: 5971 characters
2025-11-08 19:21:23.605 | INFO     | __main__:parse_resume:406 - Successfully parsed document: Riyanshi_Bariya_CV.pdf (hash: 9339fec00ff7)
2025-11-08 20:21:05.136 | INFO     | __main__:<module>:495 - Starting Parsing Service on port 5001
2025-11-08 20:33:36.871 | INFO     | __main__:parse_resume:366 - File saved: ./uploads\20251108_150336_Riyanshi_Bariya_CV.pdf
2025-11-08 20:33:37.114 | INFO     | __main__:parse_document:61 - Parsing document: ./uploads\20251108_150336_Riyanshi_Bariya_CV.pdf (format: pdf)
2025-11-08 20:33:37.314 | INFO     | __main__:_parse_pdf:131 - Successfully parsed PDF: 5971 characters
2025-11-08 20:33:37.425 | INFO     | __main__:parse_resume:406 - Successfully parsed document: Riyanshi_Bariya_CV.pdf (hash: 9339fec00ff7)
2025-11-08 21:08:03.390 | INFO     | __main__:parse_resume:366 - File saved: ./uploads\20251108_153803_Riyanshi_Bariya_CV.pdf
2025-11-08 21:08:03.600 | INFO     | __main__:parse_document:61 - Parsing document: ./uploads\20251108_153803_Riyanshi_Bariya_CV.pdf (format: pdf)
2025-11-08 21:08:03.746 | INFO     | __main__:_parse_pdf:131 - Successfully parsed PDF: 5971 characters
2025-11-08 21:08:03.817 | INFO     | __main__:parse_resume:406 - Successfully parsed document: Riyanshi_Bariya_CV.pdf (hash: 9339fec00ff7)
2025-11-08 22:24:52.472 | INFO     | __main__:<module>:495 - Starting Parsing Service on port 5001
2025-11-08 22:29:44.650 | INFO     | __main__:parse_resume:366 - File saved: ./uploads\20251108_165944_Riyanshi_Bariya_CV.pdf
2025-11-08 22:29:44.824 | INFO     | __main__:parse_document:61 - Parsing document: ./uploads\20251108_165944_Riyanshi_Bariya_CV.pdf (format: pdf)
2025-11-08 22:29:45.059 | INFO     | __main__:_parse_pdf:131 - Successfully parsed PDF: 5971 characters
2025-11-08 22:29:45.140 | INFO     | __main__:parse_resume:406 - Successfully parsed document: Riyanshi_Bariya_CV.pdf (hash: 9339fec00ff7)
2025-11-08 22:57:56.429 | INFO     | __main__:<module>:495 - Starting Parsing Service on port 5001
2025-11-08 22:59:14.126 | INFO     | __main__:parse_resume:366 - File saved: ./uploads\20251108_172914_Riyanshi_Bariya_CV_.pdf
2025-11-08 22:59:14.251 | INFO     | __main__:parse_document:61 - Parsing document: ./uploads\20251108_172914_Riyanshi_Bariya_CV_.pdf (format: pdf)
2025-11-08 22:59:14.395 | INFO     | __main__:_parse_pdf:131 - Successfully parsed PDF: 5530 characters
2025-11-08 22:59:14.454 | INFO     | __main__:parse_resume:406 - Successfully parsed document: Riyanshi_Bariya_CV_.pdf (hash: 85c07f3c0bf2)
2025-11-08 23:20:35.936 | INFO     | __main__:parse_resume:366 - File saved: ./uploads\20251108_175035_Riyanshi_Bariya_CV.docx
2025-11-08 23:20:36.102 | INFO     | __main__:parse_document:61 - Parsing document: ./uploads\20251108_175035_Riyanshi_Bariya_CV.docx (format: docx)
2025-11-08 23:20:36.378 | INFO     | __main__:_parse_docx:186 - Successfully parsed DOCX: 5398 characters
2025-11-08 23:20:36.470 | INFO     | __main__:parse_resume:406 - Successfully parsed document: Riyanshi_Bariya_CV.docx (hash: e868a815fbee)
2025-11-09 01:35:12.330 | INFO     | __main__:<module>:495 - Starting Parsing Service on port 5001
2025-11-09 01:39:16.636 | INFO     | __main__:parse_resume:366 - File saved: ./uploads\20251108_200916_Riyanshi_Bariya_CV.pdf
2025-11-09 01:39:16.875 | INFO     | __main__:parse_document:61 - Parsing document: ./uploads\20251108_200916_Riyanshi_Bariya_CV.pdf (format: pdf)
2025-11-09 01:39:17.111 | INFO     | __main__:_parse_pdf:131 - Successfully parsed PDF: 5971 characters
2025-11-09 01:39:17.171 | INFO     | __main__:parse_resume:406 - Successfully parsed document: Riyanshi_Bariya_CV.pdf (hash: 9339fec00ff7)
2025-11-09 03:15:27.117 | INFO     | __main__:<module>:495 - Starting Parsing Service on port 5001
2025-11-09 03:18:37.276 | INFO     | __main__:parse_resume:366 - File saved: ./uploads\20251108_214837_Riyanshi_Bariya_CV.pdf
2025-11-09 03:18:39.133 | INFO     | __main__:parse_document:61 - Parsing document: ./uploads\20251108_214837_Riyanshi_Bariya_CV.pdf (format: pdf)
2025-11-09 03:18:39.351 | INFO     | __main__:_parse_pdf:131 - Successfully parsed PDF: 5971 characters
2025-11-09 03:18:39.417 | INFO     | __main__:parse_resume:406 - Successfully parsed document: Riyanshi_Bariya_CV.pdf (hash: 9339fec00ff7)
2025-11-09 03:57:25.895 | INFO     | __main__:<module>:495 - Starting Parsing Service on port 5001
2025-11-09 04:01:47.746 | INFO     | __main__:parse_resume:366 - File saved: ./uploads\20251108_223147_Riyanshi_Bariya_CV.pdf
2025-11-09 04:01:47.914 | INFO     | __main__:parse_document:61 - Parsing document: ./uploads\20251108_223147_Riyanshi_Bariya_CV.pdf (format: pdf)
2025-11-09 04:01:48.024 | INFO     | __main__:_parse_pdf:131 - Successfully parsed PDF: 5971 characters
2025-11-09 04:01:48.091 | INFO     | __main__:parse_resume:406 - Successfully parsed document: Riyanshi_Bariya_CV.pdf (hash: 9339fec00ff7)
2025-11-09 04:16:15.089 | INFO     | __main__:<module>:495 - Starting Parsing Service on port 5001
2025-11-09 04:19:52.208 | INFO     | __main__:parse_resume:366 - File saved: ./uploads\20251108_224952_Riyanshi_Bariya_CV.pdf
2025-11-09 04:19:52.348 | INFO     | __main__:parse_document:61 - Parsing document: ./uploads\20251108_224952_Riyanshi_Bariya_CV.pdf (format: pdf)
2025-11-09 04:19:52.483 | INFO     | __main__:_parse_pdf:131 - Successfully parsed PDF: 5971 characters
2025-11-09 04:19:52.575 | INFO     | __main__:parse_resume:406 - Successfully parsed document: Riyanshi_Bariya_CV.pdf (hash: 9339fec00ff7)
2025-11-09 10:17:13.796 | INFO     | __main__:<module>:495 - Starting Parsing Service on port 5001
2025-11-09 10:40:24.949 | INFO     | __main__:<module>:495 - Starting Parsing Service on port 5001
2025-11-09 10:50:18.488 | INFO     | __main__:parse_resume:366 - File saved: ./uploads\20251109_052018_Riyanshi_Bariya_CV.pdf
2025-11-09 10:50:18.682 | INFO     | __main__:parse_document:61 - Parsing document: ./uploads\20251109_052018_Riyanshi_Bariya_CV.pdf (format: pdf)
2025-11-09 10:50:18.910 | INFO     | __main__:_parse_pdf:131 - Successfully parsed PDF: 5971 characters
2025-11-09 10:50:18.988 | INFO     | __main__:parse_resume:406 - Successfully parsed document: Riyanshi_Bariya_CV.pdf (hash: 9339fec00ff7)
2025-11-09 11:30:46.803 | INFO     | __main__:<module>:495 - Starting Parsing Service on port 5001
2025-11-09 11:41:32.330 | INFO     | __main__:parse_resume:366 - File saved: ./uploads\20251109_061132_Riyanshi_Bariya_CV.pdf
2025-11-09 11:41:32.477 | INFO     | __main__:parse_document:61 - Parsing document: ./uploads\20251109_061132_Riyanshi_Bariya_CV.pdf (format: pdf)
2025-11-09 11:41:32.694 | INFO     | __main__:_parse_pdf:131 - Successfully parsed PDF: 5971 characters
2025-11-09 11:41:32.775 | INFO     | __main__:parse_resume:406 - Successfully parsed document: Riyanshi_Bariya_CV.pdf (hash: 9339fec00ff7)
2025-11-09 11:50:51.638 | INFO     | __main__:<module>:495 - Starting Parsing Service on port 5001
2025-11-09 11:52:48.566 | INFO     | __main__:parse_resume:366 - File saved: ./uploads\20251109_062248_Riyanshi_Bariya_CV.pdf
2025-11-09 11:52:48.690 | INFO     | __main__:parse_document:61 - Parsing document: ./uploads\20251109_062248_Riyanshi_Bariya_CV.pdf (format: pdf)
2025-11-09 11:52:48.784 | INFO     | __main__:_parse_pdf:131 - Successfully parsed PDF: 5971 characters
2025-11-09 11:52:48.862 | INFO     | __main__:parse_resume:406 - Successfully parsed document: Riyanshi_Bariya_CV.pdf (hash: 9339fec00ff7)
2025-11-09 12:01:55.703 | INFO     | __main__:parse_resume:366 - File saved: ./uploads\20251109_063155_Riyanshi_Bariya_CV.docx
2025-11-09 12:01:55.831 | INFO     | __main__:parse_document:61 - Parsing document: ./uploads\20251109_063155_Riyanshi_Bariya_CV.docx (format: docx)
2025-11-09 12:01:56.019 | INFO     | __main__:_parse_docx:186 - Successfully parsed DOCX: 5398 characters
2025-11-09 12:01:56.097 | INFO     | __main__:parse_resume:406 - Successfully parsed document: Riyanshi_Bariya_CV.docx (hash: e868a815fbee)
2025-11-09 12:12:53.467 | INFO     | __main__:<module>:495 - Starting Parsing Service on port 5001
2025-11-09 13:21:55.851 | INFO     | __main__:<module>:495 - Starting Parsing Service on port 5001
2025-11-09 13:25:45.381 | INFO     | __main__:parse_resume:366 - File saved: ./uploads\20251109_075545_Riyanshi_CV.pdf
2025-11-09 13:25:47.330 | INFO     | __main__:parse_document:61 - Parsing document: ./uploads\20251109_075545_Riyanshi_CV.pdf (format: pdf)
2025-11-09 13:25:47.469 | INFO     | __main__:_parse_pdf:131 - Successfully parsed PDF: 5700 characters
2025-11-09 13:25:47.555 | INFO     | __main__:parse_resume:406 - Successfully parsed document: Riyanshi_CV.pdf (hash: bd82a76bfd75)
2025-11-09 13:27:08.443 | INFO     | __main__:parse_resume:366 - File saved: ./uploads\20251109_075708_Riyanshi_Bariya_CV.docx
2025-11-09 13:27:08.493 | INFO     | __main__:parse_document:61 - Parsing document: ./uploads\20251109_075708_Riyanshi_Bariya_CV.docx (format: docx)
2025-11-09 13:27:08.828 | INFO     | __main__:_parse_docx:186 - Successfully parsed DOCX: 5398 characters
2025-11-09 13:27:08.878 | INFO     | __main__:parse_resume:406 - Successfully parsed document: Riyanshi_Bariya_CV.docx (hash: e868a815fbee)
2025-11-09 14:12:31.408 | INFO     | __main__:parse_resume:366 - File saved: ./uploads\20251109_084231_Riyanshi_Bariya_CV.pdf
2025-11-09 14:12:31.524 | INFO     | __main__:parse_document:61 - Parsing document: ./uploads\20251109_084231_Riyanshi_Bariya_CV.pdf (format: pdf)
2025-11-09 14:12:31.613 | INFO     | __main__:_parse_pdf:131 - Successfully parsed PDF: 5971 characters
2025-11-09 14:12:31.687 | INFO     | __main__:parse_resume:406 - Successfully parsed document: Riyanshi_Bariya_CV.pdf (hash: 9339fec00ff7)
2025-11-09 14:51:04.409 | INFO     | __main__:<module>:495 - Starting Parsing Service on port 5001
2025-11-09 15:25:50.956 | INFO     | __main__:parse_resume:366 - File saved: ./uploads\20251109_095550_Riyanshi_Bariya_CV.pdf
2025-11-09 15:25:51.146 | INFO     | __main__:parse_document:61 - Parsing document: ./uploads\20251109_095550_Riyanshi_Bariya_CV.pdf (format: pdf)
2025-11-09 15:25:51.393 | INFO     | __main__:_parse_pdf:131 - Successfully parsed PDF: 5971 characters
2025-11-09 15:25:51.538 | INFO     | __main__:parse_resume:406 - Successfully parsed document: Riyanshi_Bariya_CV.pdf (hash: 9339fec00ff7)
2025-11-09 15:27:19.267 | INFO     | __main__:<module>:495 - Starting Parsing Service on port 5001
2025-11-09 15:54:37.871 | INFO     | __main__:<module>:495 - Starting Parsing Service on port 5001
2025-11-09 15:57:49.038 | INFO     | __main__:parse_resume:366 - File saved: ./uploads\20251109_102748_Riyanshi_Bariya_CV.docx
2025-11-09 15:57:49.280 | INFO     | __main__:parse_document:61 - Parsing document: ./uploads\20251109_102748_Riyanshi_Bariya_CV.docx (format: docx)
2025-11-09 15:57:49.589 | INFO     | __main__:_parse_docx:186 - Successfully parsed DOCX: 5398 characters
2025-11-09 15:57:49.723 | INFO     | __main__:parse_resume:406 - Successfully parsed document: Riyanshi_Bariya_CV.docx (hash: e868a815fbee)
2025-11-09 15:59:29.331 | INFO     | __main__:parse_resume:366 - File saved: ./uploads\20251109_102929_Riyanshi_Bariya_CV.docx
2025-11-09 15:59:29.495 | INFO     | __main__:parse_document:61 - Parsing document: ./uploads\20251109_102929_Riyanshi_Bariya_CV.docx (format: docx)
2025-11-09 15:59:29.749 | INFO     | __main__:_parse_docx:186 - Successfully parsed DOCX: 5398 characters
2025-11-09 15:59:29.849 | INFO     | __main__:parse_resume:406 - Successfully parsed document: Riyanshi_Bariya_CV.docx (hash: e868a815fbee)
2025-11-09 16:18:30.093 | INFO     | __main__:<module>:495 - Starting Parsing Service on port 5001
2025-11-09 16:20:37.872 | INFO     | __main__:parse_resume:366 - File saved: ./uploads\20251109_105037_Riyanshi_Bariya_CV.pdf
2025-11-09 16:20:38.005 | INFO     | __main__:parse_document:61 - Parsing document: ./uploads\20251109_105037_Riyanshi_Bariya_CV.pdf (format: pdf)
2025-11-09 16:20:38.125 | INFO     | __main__:_parse_pdf:131 - Successfully parsed PDF: 5971 characters
2025-11-09 16:20:38.185 | INFO     | __main__:parse_resume:406 - Successfully parsed document: Riyanshi_Bariya_CV.pdf (hash: 9339fec00ff7)
2025-11-09 16:23:40.702 | INFO     | __main__:parse_resume:366 - File saved: ./uploads\20251109_105340_senior-software-engineer2_-_Template_15.pdf
2025-11-09 16:23:40.783 | INFO     | __main__:parse_document:61 - Parsing document: ./uploads\20251109_105340_senior-software-engineer2_-_Template_15.pdf (format: pdf)
2025-11-09 16:23:40.848 | INFO     | __main__:_parse_pdf:131 - Successfully parsed PDF: 3158 characters
2025-11-09 16:23:40.864 | INFO     | __main__:parse_resume:406 - Successfully parsed document: senior-software-engineer2_-_Template_15.pdf (hash: a987295a0970)
2025-11-09 16:32:15.805 | INFO     | __main__:parse_resume:366 - File saved: ./uploads\20251109_110215_senior-software-engineer2_-_Template_15.pdf
2025-11-09 16:32:15.903 | INFO     | __main__:parse_document:61 - Parsing document: ./uploads\20251109_110215_senior-software-engineer2_-_Template_15.pdf (format: pdf)
2025-11-09 16:32:16.120 | INFO     | __main__:_parse_pdf:131 - Successfully parsed PDF: 3158 characters
2025-11-09 16:32:16.220 | INFO     | __main__:parse_resume:406 - Successfully parsed document: senior-software-engineer2_-_Template_15.pdf (hash: a987295a0970)
2025-11-09 16:32:24.653 | INFO     | __main__:parse_resume:366 - File saved: ./uploads\20251109_110224_senior-software-engineer2_-_Template_15.pdf
2025-11-09 16:32:24.674 | INFO     | __main__:parse_document:61 - Parsing document: ./uploads\20251109_110224_senior-software-engineer2_-_Template_15.pdf (format: pdf)
2025-11-09 16:32:24.689 | INFO     | __main__:_parse_pdf:131 - Successfully parsed PDF: 3158 characters
2025-11-09 16:32:24.716 | INFO     | __main__:parse_resume:406 - Successfully parsed document: senior-software-engineer2_-_Template_15.pdf (hash: a987295a0970)
2025-11-09 16:33:54.694 | INFO     | __main__:<module>:495 - Starting Parsing Service on port 5001
2025-11-09 16:36:21.292 | INFO     | __main__:parse_resume:366 - File saved: ./uploads\20251109_110621_Riyanshi_Bariya.txt
2025-11-09 16:36:21.387 | INFO     | __main__:parse_document:61 - Parsing document: ./uploads\20251109_110621_Riyanshi_Bariya.txt (format: txt)
2025-11-09 16:36:21.735 | INFO     | __main__:_parse_text:227 - Successfully parsed text file: 4785 characters
2025-11-09 16:36:21.775 | INFO     | __main__:parse_resume:406 - Successfully parsed document: Riyanshi_Bariya.txt (hash: 4f52e0ae32b0)
2025-11-09 17:00:57.997 | INFO     | __main__:<module>:495 - Starting Parsing Service on port 5001
2025-11-09 17:03:49.432 | INFO     | __main__:parse_resume:366 - File saved: ./uploads\20251109_113349_Riyanshi_Bariya_CV_.pdf
2025-11-09 17:03:49.544 | INFO     | __main__:parse_document:61 - Parsing document: ./uploads\20251109_113349_Riyanshi_Bariya_CV_.pdf (format: pdf)
2025-11-09 17:03:49.651 | INFO     | __main__:_parse_pdf:131 - Successfully parsed PDF: 5530 characters
2025-11-09 17:03:49.706 | INFO     | __main__:parse_resume:406 - Successfully parsed document: Riyanshi_Bariya_CV_.pdf (hash: 85c07f3c0bf2)
2025-11-09 17:09:25.294 | INFO     | __main__:parse_resume:366 - File saved: ./uploads\20251109_113925_Riyanshi_Bariya_CV.pdf
2025-11-09 17:09:25.425 | INFO     | __main__:parse_document:61 - Parsing document: ./uploads\20251109_113925_Riyanshi_Bariya_CV.pdf (format: pdf)
2025-11-09 17:09:25.511 | INFO     | __main__:_parse_pdf:131 - Successfully parsed PDF: 5971 characters
2025-11-09 17:09:25.549 | INFO     | __main__:parse_resume:406 - Successfully parsed document: Riyanshi_Bariya_CV.pdf (hash: 9339fec00ff7)
2025-11-09 17:10:18.955 | INFO     | __main__:parse_resume:366 - File saved: ./uploads\20251109_114018_Riyanshi_Bariya_CV.pdf
2025-11-09 17:10:19.345 | INFO     | __main__:parse_document:61 - Parsing document: ./uploads\20251109_114018_Riyanshi_Bariya_CV.pdf (format: pdf)
2025-11-09 17:10:19.405 | INFO     | __main__:_parse_pdf:131 - Successfully parsed PDF: 5971 characters
2025-11-09 17:10:19.420 | INFO     | __main__:parse_resume:406 - Successfully parsed document: Riyanshi_Bariya_CV.pdf (hash: 9339fec00ff7)
